TN:
SF:script/DeployDropnestVaultContract.sol
FN:9,DeployDropnestVaultContract.run
FNDA:0,DeployDropnestVaultContract.run
DA:10,0
DA:10,0
DA:11,0
DA:11,0
DA:13,0
DA:13,0
DA:13,0
DA:14,0
DA:14,0
DA:15,0
DA:15,0
DA:16,0
DA:16,0
DA:17,0
DA:17,0
DA:18,0
DA:18,0
DA:19,0
DA:19,0
DA:20,0
DA:20,0
DA:21,0
DA:21,0
DA:22,0
DA:22,0
DA:23,0
DA:23,0
DA:25,0
DA:25,0
DA:25,0
DA:26,0
DA:26,0
DA:26,0
DA:26,0
DA:27,0
DA:27,0
DA:30,0
DA:30,0
FN:33,DeployDropnestVaultContract.deployContract
FNDA:13,DeployDropnestVaultContract.deployContract
DA:34,13
DA:34,13
DA:35,13
DA:35,13
DA:35,13
DA:36,13
DA:36,13
DA:37,13
DA:37,13
FNF:2
FNH:1
LF:21
LH:4
BRF:0
BRH:0
end_of_record
TN:
SF:src/DropnestVault.sol
FN:57,DropnestVault.
FNDA:0,DropnestVault.
DA:58,0
DA:58,0
BRDA:58,0,0,-
BRDA:58,0,1,-
DA:59,0
DA:59,0
DA:61,0
DA:61,0
DA:61,0
DA:61,0
DA:62,0
DA:62,0
FN:69,DropnestVault.stakeMultiple
FNDA:263,DropnestVault.stakeMultiple
DA:70,262
DA:70,262
DA:71,262
DA:71,262
DA:73,262
DA:73,262
BRDA:73,1,0,1
BRDA:73,1,1,261
DA:74,1
DA:74,1
DA:76,261
DA:76,261
BRDA:76,2,0,-
BRDA:76,2,1,261
DA:77,0
DA:77,0
DA:79,261
DA:79,261
DA:79,783
DA:79,522
DA:80,522
DA:80,522
DA:82,261
DA:82,261
BRDA:82,3,0,1
BRDA:82,3,1,260
DA:83,1
DA:83,1
DA:85,260
DA:85,260
DA:85,780
DA:85,520
DA:86,520
DA:86,520
DA:87,520
DA:87,520
DA:88,520
DA:88,520
FN:94,DropnestVault.stake
FNDA:781,DropnestVault.stake
DA:95,521
DA:95,521
FN:101,DropnestVault.setWhitelist
FNDA:2,DropnestVault.setWhitelist
DA:102,1
DA:102,1
FN:106,DropnestVault.pause
FNDA:261,DropnestVault.pause
DA:107,261
DA:107,261
FN:111,DropnestVault.unpause
FNDA:260,DropnestVault.unpause
DA:112,260
DA:112,260
FN:125,DropnestVault._stake
FNDA:1041,DropnestVault._stake
DA:126,1041
DA:126,1041
BRDA:126,4,0,1
BRDA:126,4,1,1040
DA:127,1
DA:127,1
DA:129,1040
DA:129,1040
DA:130,1040
DA:130,1040
DA:130,1040
BRDA:130,5,0,260
BRDA:130,5,1,780
DA:131,260
DA:131,260
DA:133,780
DA:133,780
DA:134,780
DA:134,780
FN:140,DropnestVault._setWhitelist
FNDA:1,DropnestVault._setWhitelist
DA:141,1
DA:141,1
DA:141,1
BRDA:141,6,0,-
BRDA:141,6,1,1
DA:142,0
DA:142,0
DA:144,1
DA:144,1
DA:145,1
DA:145,1
DA:146,1
DA:146,1
DA:147,1
DA:147,1
FN:152,DropnestVault.getProtocols
FNDA:1566,DropnestVault.getProtocols
DA:153,1566
DA:153,1566
FN:155,DropnestVault.getWhitelistAddress
FNDA:0,DropnestVault.getWhitelistAddress
DA:156,0
DA:156,0
FNF:10
FNH:8
LF:37
LH:30
BRF:14
BRH:10
end_of_record
