TN:
SF:script/DeployDropVaultContract.sol
FN:10,DeployDropVaultContract.run
FNDA:0,DeployDropVaultContract.run
DA:11,0
DA:12,0
DA:13,0
DA:14,0
FN:17,DeployDropVaultContract.deployContract
FNDA:21,DeployDropVaultContract.deployContract
DA:18,21
DA:19,21
DA:20,21
DA:21,21
FNF:2
FNH:1
LF:8
LH:4
BRF:0
BRH:0
end_of_record
TN:
SF:script/DeployERC20MockContract.sol
FN:9,DeployERC20MockContract.deployERC20Mock
FNDA:21,DeployERC20MockContract.deployERC20Mock
DA:10,21
DA:11,21
DA:12,21
DA:13,21
FNF:1
FNH:1
LF:4
LH:4
BRF:0
BRH:0
end_of_record
TN:
SF:src/DropVault.sol
FN:84,DropVault.setAirdropTokenAddressAndOpenClaim
FNDA:263,DropVault.setAirdropTokenAddressAndOpenClaim
DA:85,262
DA:86,261
FN:89,DropVault.openVault
FNDA:528,DropVault.openVault
DA:90,528
BRDA:90,0,0,1
BRDA:90,0,1,527
DA:91,1
DA:94,527
BRDA:94,1,0,1
BRDA:94,1,1,526
DA:95,1
DA:97,526
DA:98,526
FN:101,DropVault.unpause
FNDA:0,DropVault.unpause
DA:102,0
BRDA:102,2,0,-
BRDA:102,2,1,-
DA:103,0
DA:105,0
FN:108,DropVault.pause
FNDA:0,DropVault.pause
DA:109,0
FN:112,DropVault.claimAirdropAndWithdrawETH
FNDA:257,DropVault.claimAirdropAndWithdrawETH
DA:113,257
BRDA:113,3,0,1
BRDA:113,3,1,256
DA:114,1
DA:117,256
DA:118,256
DA:119,256
DA:120,256
DA:122,256
DA:123,256
DA:124,256
FN:131,DropVault.fundFarmer
FNDA:3,DropVault.fundFarmer
DA:132,2
DA:133,2
BRDA:133,4,0,1
BRDA:133,4,1,1
DA:134,1
DA:136,1
DA:137,1
FN:140,DropVault.updateFarmerAddress
FNDA:3,DropVault.updateFarmerAddress
DA:141,2
BRDA:141,5,0,1
BRDA:141,5,1,1
DA:142,1
DA:144,1
FN:150,DropVault.depositETH
FNDA:771,DropVault.depositETH
DA:151,771
BRDA:151,6,0,1
BRDA:151,6,1,770
DA:152,1
DA:154,770
FN:157,DropVault.setClaimStatus
FNDA:0,DropVault.setClaimStatus
DA:158,261
BRDA:158,7,0,1
BRDA:158,7,1,260
DA:159,1
DA:161,260
BRDA:161,8,0,-
BRDA:161,8,1,260
DA:162,0
DA:164,260
FN:167,DropVault.updateAirdropTokenAddress
FNDA:0,DropVault.updateAirdropTokenAddress
DA:168,262
BRDA:168,9,0,1
BRDA:168,9,1,261
DA:169,1
DA:171,261
DA:172,261
FN:178,DropVault._claimAirdrop
FNDA:256,DropVault._claimAirdrop
DA:179,256
DA:180,256
DA:181,256
DA:182,256
BRDA:182,10,0,-
BRDA:182,10,1,256
DA:183,0
DA:185,256
FN:188,DropVault._withdrawETH
FNDA:256,DropVault._withdrawETH
DA:189,256
DA:190,256
DA:191,256
BRDA:191,11,0,-
BRDA:191,11,1,256
DA:192,0
DA:194,256
FN:197,DropVault._mintShares
FNDA:1040,DropVault._mintShares
DA:198,1040
DA:199,1040
FN:202,DropVault._recordDepositETH
FNDA:770,DropVault._recordDepositETH
DA:203,514
DA:204,514
FN:215,DropVault.balanceOf
FNDA:256,DropVault.balanceOf
DA:216,256
FN:219,DropVault.getClaimableAmount
FNDA:256,DropVault.getClaimableAmount
DA:221,256
BRDA:221,12,0,-
BRDA:221,12,1,256
DA:222,0
DA:226,256
DA:229,256
DA:230,256
DA:233,256
FN:236,DropVault.airdropTotalBalance
FNDA:2,DropVault.airdropTotalBalance
DA:237,514
BRDA:237,13,0,1
BRDA:237,13,1,513
DA:238,1
DA:240,513
FNF:17
FNH:13
LF:66
LH:58
BRF:28
BRH:22
end_of_record
